# JRE version: Java(TM) SE Runtime Environment (11.0.2+9) (build 11.0.2+9-LTS)
# Java VM: Java HotSpot(TM) 64-Bit Server VM (11.0.2+9-LTS, mixed mode, tiered, compressed oops, g1 gc, windows-amd64)
Heap:
 garbage-first heap   total 65536K, used 30382K [0x00000000e0000000, 0x0000000100000000)
  region size 1024K, 3 young (3072K), 1 survivors (1024K)
 Metaspace       used 32845K, capacity 33423K, committed 33536K, reserved 284672K
  class space    used 4098K, capacity 4320K, committed 4352K, reserved 253952K
GC Heap History (10 events):
Event: 8.987 GC heap before
{Heap before GC invocations=2 (full 0):
 garbage-first heap   total 65536K, used 30187K [0x00000000e0000000, 0x0000000100000000)
  region size 1024K, 24 young (24576K), 1 survivors (1024K)
 Metaspace       used 10779K, capacity 11060K, committed 11264K, reserved 264192K
  class space    used 1155K, capacity 1261K, committed 1280K, reserved 253952K
}
Event: 8.992 GC heap after
{Heap after GC invocations=3 (full 0):
 garbage-first heap   total 65536K, used 11793K [0x00000000e0000000, 0x0000000100000000)
  region size 1024K, 3 young (3072K), 3 survivors (3072K)
 Metaspace       used 10779K, capacity 11060K, committed 11264K, reserved 264192K
  class space    used 1155K, capacity 1261K, committed 1280K, reserved 253952K
}
Event: 17.370 GC heap before
{Heap before GC invocations=3 (full 0):
 garbage-first heap   total 65536K, used 37393K [0x00000000e0000000, 0x0000000100000000)
  region size 1024K, 28 young (28672K), 3 survivors (3072K)
 Metaspace       used 17525K, capacity 17988K, committed 18176K, reserved 270336K
  class space    used 2084K, capacity 2254K, committed 2304K, reserved 253952K
}
Event: 17.381 GC heap after
{Heap after GC invocations=4 (full 0):
 garbage-first heap   total 65536K, used 14581K [0x00000000e0000000, 0x0000000100000000)
  region size 1024K, 3 young (3072K), 3 survivors (3072K)
 Metaspace       used 17525K, capacity 17988K, committed 18176K, reserved 270336K
  class space    used 2084K, capacity 2254K, committed 2304K, reserved 253952K
}
Event: 18.193 GC heap before
{Heap before GC invocations=4 (full 0):
 garbage-first heap   total 65536K, used 37109K [0x00000000e0000000, 0x0000000100000000)
  region size 1024K, 26 young (26624K), 3 survivors (3072K)
 Metaspace       used 20684K, capacity 21116K, committed 21248K, reserved 272384K
  class space    used 2596K, capacity 2747K, committed 2816K, reserved 253952K
}
Event: 18.198 GC heap after
{Heap after GC invocations=5 (full 0):
 garbage-first heap   total 65536K, used 15435K [0x00000000e0000000, 0x0000000100000000)
  region size 1024K, 1 young (1024K), 1 survivors (1024K)
 Metaspace       used 20684K, capacity 21116K, committed 21248K, reserved 272384K
  class space    used 2596K, capacity 2747K, committed 2816K, reserved 253952K
}
Event: 21.941 GC heap before
{Heap before GC invocations=6 (full 0):
 garbage-first heap   total 65536K, used 49227K [0x00000000e0000000, 0x0000000100000000)
  region size 1024K, 27 young (27648K), 1 survivors (1024K)
 Metaspace       used 24192K, capacity 24785K, committed 24832K, reserved 276480K
  class space    used 3144K, capacity 3317K, committed 3328K, reserved 253952K
}
Event: 21.944 GC heap after
{Heap after GC invocations=7 (full 0):
 garbage-first heap   total 65536K, used 26063K [0x00000000e0000000, 0x0000000100000000)
  region size 1024K, 4 young (4096K), 4 survivors (4096K)
 Metaspace       used 24192K, capacity 24785K, committed 24832K, reserved 276480K
  class space    used 3144K, capacity 3317K, committed 3328K, reserved 253952K
}
Event: 23.082 GC heap before
{Heap before GC invocations=7 (full 0):
 garbage-first heap   total 65536K, used 47567K [0x00000000e0000000, 0x0000000100000000)
  region size 1024K, 26 young (26624K), 4 survivors (4096K)
 Metaspace       used 29887K, capacity 30516K, committed 30720K, reserved 280576K
  class space    used 3792K, capacity 4014K, committed 4096K, reserved 253952K
}
Event: 23.088 GC heap after
{Heap after GC invocations=8 (full 0):
 garbage-first heap   total 65536K, used 28386K [0x00000000e0000000, 0x0000000100000000)
  region size 1024K, 3 young (3072K), 3 survivors (3072K)
 Metaspace       used 29887K, capacity 30516K, committed 30720K, reserved 280576K
  class space    used 3792K, capacity 4014K, committed 4096K, reserved 253952K
}

