# JRE version: Java(TM) SE Runtime Environment (11.0.2+9) (build 11.0.2+9-LTS)
# Java VM: Java HotSpot(TM) 64-Bit Server VM (11.0.2+9-LTS, mixed mode, tiered, compressed oops, g1 gc, windows-amd64)
Heap:
 garbage-first heap   total 116736K, used 46581K [0x00000000c0a00000, 0x0000000100000000)
  region size 1024K, 11 young (11264K), 1 survivors (1024K)
 Metaspace       used 86255K, capacity 88509K, committed 88724K, reserved 1126400K
  class space    used 10619K, capacity 11403K, committed 11520K, reserved 1048576K
GC Heap History (10 events):
Event: 8.051 GC heap before
{Heap before GC invocations=20 (full 0):
 garbage-first heap   total 97280K, used 79104K [0x00000000c0a00000, 0x0000000100000000)
  region size 1024K, 54 young (55296K), 5 survivors (5120K)
 Metaspace       used 73839K, capacity 75752K, committed 75812K, reserved 1116160K
  class space    used 9215K, capacity 9852K, committed 9856K, reserved 1048576K
}
Event: 8.058 GC heap after
{Heap after GC invocations=21 (full 0):
 garbage-first heap   total 97280K, used 31900K [0x00000000c0a00000, 0x0000000100000000)
  region size 1024K, 6 young (6144K), 6 survivors (6144K)
 Metaspace       used 73839K, capacity 75752K, committed 75812K, reserved 1116160K
  class space    used 9215K, capacity 9852K, committed 9856K, reserved 1048576K
}
Event: 8.718 GC heap before
{Heap before GC invocations=21 (full 0):
 garbage-first heap   total 97280K, used 79004K [0x00000000c0a00000, 0x0000000100000000)
  region size 1024K, 52 young (53248K), 6 survivors (6144K)
 Metaspace       used 77879K, capacity 79845K, committed 80036K, reserved 1118208K
  class space    used 9785K, capacity 10458K, committed 10496K, reserved 1048576K
}
Event: 8.726 GC heap after
{Heap after GC invocations=22 (full 0):
 garbage-first heap   total 97280K, used 35347K [0x00000000c0a00000, 0x0000000100000000)
  region size 1024K, 7 young (7168K), 7 survivors (7168K)
 Metaspace       used 77879K, capacity 79845K, committed 80036K, reserved 1118208K
  class space    used 9785K, capacity 10458K, committed 10496K, reserved 1048576K
}
Event: 144.008 GC heap before
{Heap before GC invocations=22 (full 0):
 garbage-first heap   total 97280K, used 45587K [0x00000000c0a00000, 0x0000000100000000)
  region size 1024K, 18 young (18432K), 7 survivors (7168K)
 Metaspace       used 78761K, capacity 80785K, committed 80916K, reserved 1120256K
  class space    used 9887K, capacity 10580K, committed 10624K, reserved 1048576K
}
Event: 144.015 GC heap after
{Heap after GC invocations=23 (full 0):
 garbage-first heap   total 116736K, used 35593K [0x00000000c0a00000, 0x0000000100000000)
  region size 1024K, 4 young (4096K), 4 survivors (4096K)
 Metaspace       used 78761K, capacity 80785K, committed 80916K, reserved 1120256K
  class space    used 9887K, capacity 10580K, committed 10624K, reserved 1048576K
}
Event: 5330.823 GC heap before
{Heap before GC invocations=24 (full 0):
 garbage-first heap   total 116736K, used 89865K [0x00000000c0a00000, 0x0000000100000000)
  region size 1024K, 57 young (58368K), 4 survivors (4096K)
 Metaspace       used 85746K, capacity 88047K, committed 88212K, reserved 1126400K
  class space    used 10618K, capacity 11403K, committed 11520K, reserved 1048576K
}
Event: 5331.667 GC heap after
{Heap after GC invocations=25 (full 0):
 garbage-first heap   total 116736K, used 36748K [0x00000000c0a00000, 0x0000000100000000)
  region size 1024K, 5 young (5120K), 5 survivors (5120K)
 Metaspace       used 85746K, capacity 88047K, committed 88212K, reserved 1126400K
  class space    used 10618K, capacity 11403K, committed 11520K, reserved 1048576K
}
Event: 5584.413 GC heap before
{Heap before GC invocations=25 (full 0):
 garbage-first heap   total 116736K, used 37772K [0x00000000c0a00000, 0x0000000100000000)
  region size 1024K, 6 young (6144K), 5 survivors (5120K)
 Metaspace       used 85832K, capacity 88112K, committed 88468K, reserved 1126400K
  class space    used 10618K, capacity 11403K, committed 11520K, reserved 1048576K
}
Event: 5584.488 GC heap after
{Heap after GC invocations=26 (full 0):
 garbage-first heap   total 116736K, used 37365K [0x00000000c0a00000, 0x0000000100000000)
  region size 1024K, 1 young (1024K), 1 survivors (1024K)
 Metaspace       used 85832K, capacity 88112K, committed 88468K, reserved 1126400K
  class space    used 10618K, capacity 11403K, committed 11520K, reserved 1048576K
}

