# JRE version: Java(TM) SE Runtime Environment (11.0.2+9) (build 11.0.2+9-LTS)
# Java VM: Java HotSpot(TM) 64-Bit Server VM (11.0.2+9-LTS, mixed mode, tiered, compressed oops, g1 gc, windows-amd64)
Heap:
 garbage-first heap   total 387072K, used 198390K [0x00000000c0a00000, 0x0000000100000000)
  region size 1024K, 2 young (2048K), 2 survivors (2048K)
 Metaspace       used 96322K, capacity 98546K, committed 98688K, reserved 1134592K
  class space    used 12047K, capacity 12910K, committed 12928K, reserved 1048576K
GC Heap History (10 events):
Event: 316.994 GC heap after
{Heap after GC invocations=126 (full 0):
 garbage-first heap   total 223232K, used 191546K [0x00000000c0a00000, 0x0000000100000000)
  region size 1024K, 2 young (2048K), 2 survivors (2048K)
 Metaspace       used 96193K, capacity 98341K, committed 98432K, reserved 1134592K
  class space    used 12040K, capacity 12908K, committed 12928K, reserved 1048576K
}
Event: 317.008 GC heap before
{Heap before GC invocations=126 (full 0):
 garbage-first heap   total 223232K, used 199738K [0x00000000c0a00000, 0x0000000100000000)
  region size 1024K, 10 young (10240K), 2 survivors (2048K)
 Metaspace       used 96193K, capacity 98341K, committed 98432K, reserved 1134592K
  class space    used 12040K, capacity 12908K, committed 12928K, reserved 1048576K
}
Event: 317.017 GC heap after
{Heap after GC invocations=127 (full 0):
 garbage-first heap   total 223232K, used 193656K [0x00000000c0a00000, 0x0000000100000000)
  region size 1024K, 2 young (2048K), 2 survivors (2048K)
 Metaspace       used 96193K, capacity 98341K, committed 98432K, reserved 1134592K
  class space    used 12040K, capacity 12908K, committed 12928K, reserved 1048576K
}
Event: 317.033 GC heap before
{Heap before GC invocations=127 (full 0):
 garbage-first heap   total 223232K, used 201848K [0x00000000c0a00000, 0x0000000100000000)
  region size 1024K, 10 young (10240K), 2 survivors (2048K)
 Metaspace       used 96193K, capacity 98341K, committed 98432K, reserved 1134592K
  class space    used 12040K, capacity 12908K, committed 12928K, reserved 1048576K
}
Event: 317.038 GC heap after
{Heap after GC invocations=128 (full 0):
 garbage-first heap   total 223232K, used 195965K [0x00000000c0a00000, 0x0000000100000000)
  region size 1024K, 2 young (2048K), 2 survivors (2048K)
 Metaspace       used 96193K, capacity 98341K, committed 98432K, reserved 1134592K
  class space    used 12040K, capacity 12908K, committed 12928K, reserved 1048576K
}
Event: 317.070 GC heap before
{Heap before GC invocations=128 (full 0):
 garbage-first heap   total 223232K, used 204157K [0x00000000c0a00000, 0x0000000100000000)
  region size 1024K, 10 young (10240K), 2 survivors (2048K)
 Metaspace       used 96193K, capacity 98341K, committed 98432K, reserved 1134592K
  class space    used 12040K, capacity 12908K, committed 12928K, reserved 1048576K
}
Event: 317.080 GC heap after
{Heap after GC invocations=129 (full 0):
 garbage-first heap   total 223232K, used 200529K [0x00000000c0a00000, 0x0000000100000000)
  region size 1024K, 2 young (2048K), 2 survivors (2048K)
 Metaspace       used 96193K, capacity 98341K, committed 98432K, reserved 1134592K
  class space    used 12040K, capacity 12908K, committed 12928K, reserved 1048576K
}
Event: 317.143 GC heap before
{Heap before GC invocations=129 (full 0):
 garbage-first heap   total 223232K, used 208721K [0x00000000c0a00000, 0x0000000100000000)
  region size 1024K, 10 young (10240K), 2 survivors (2048K)
 Metaspace       used 96260K, capacity 98410K, committed 98432K, reserved 1134592K
  class space    used 12045K, capacity 12909K, committed 12928K, reserved 1048576K
}
Event: 317.149 GC heap after
{Heap after GC invocations=130 (full 0):
 garbage-first heap   total 223232K, used 196987K [0x00000000c0a00000, 0x0000000100000000)
  region size 1024K, 2 young (2048K), 2 survivors (2048K)
 Metaspace       used 96260K, capacity 98410K, committed 98432K, reserved 1134592K
  class space    used 12045K, capacity 12909K, committed 12928K, reserved 1048576K
}
Event: 317.261 GC heap before
{Heap before GC invocations=130 (full 0):
 garbage-first heap   total 223232K, used 205179K [0x00000000c0a00000, 0x0000000100000000)
  region size 1024K, 10 young (10240K), 2 survivors (2048K)
 Metaspace       used 96322K, capacity 98546K, committed 98688K, reserved 1134592K
  class space    used 12047K, capacity 12910K, committed 12928K, reserved 1048576K
}

